Database is not empty! Trying to truncate all your tables.
Import departments
Import majors
Import users
Import semesters
Import courses
Import sections
Import classes
Import major courses
Import time usage: 0.61s
Test search course 1: 0
Test search course 1 time: 0.00s
Test enroll course 1: 1000
Test enroll course 1 time: 20.10s
Test drop enrolled course 1: 813
Test drop enrolled course 1 time: 0.16s
Import student courses
Import student courses time: 20.62s
Test drop course: 0
Test drop course time: 1239.05s
Test course table 2: 532
Test course table 2 time: 1.19s
Test search course 2: 0
Test search course 2 time: 0.00s
Test enroll course 2: 339
Test enroll course 2 time: 27.76s

Process finished with exit code 0