"C:\Program Files\Java\jdk-16.0.1\bin\java.exe" "-javaagent:D:\IntelliJ IDEA 2021.2.3\lib\idea_rt.jar=49870:D:\IntelliJ IDEA 2021.2.3\bin" -Dfile.encoding=UTF-8 -classpath D:\JavaProject\CS307-SQL-Project\target\classes;C:\Users\JR\.m2\repository\com\fasterxml\jackson\core\jackson-databind\2.12.3\jackson-databind-2.12.3.jar;C:\Users\JR\.m2\repository\com\fasterxml\jackson\core\jackson-annotations\2.12.3\jackson-annotations-2.12.3.jar;C:\Users\JR\.m2\repository\com\fasterxml\jackson\core\jackson-core\2.12.3\jackson-core-2.12.3.jar;C:\Users\JR\.m2\repository\com\google\code\findbugs\jsr305\3.0.2\jsr305-3.0.2.jar;C:\Users\JR\.m2\repository\org\postgresql\postgresql\42.2.19\postgresql-42.2.19.jar;C:\Users\JR\.m2\repository\org\checkerframework\checker-qual\3.5.0\checker-qual-3.5.0.jar;C:\Users\JR\.m2\repository\com\impossibl\pgjdbc-ng\pgjdbc-ng\0.8.7\pgjdbc-ng-0.8.7.jar;C:\Users\JR\.m2\repository\com\impossibl\pgjdbc-ng\spy\0.8.7\spy-0.8.7.jar;C:\Users\JR\.m2\repository\io\netty\netty-common\4.1.53.Final\netty-common-4.1.53.Final.jar;C:\Users\JR\.m2\repository\io\netty\netty-buffer\4.1.53.Final\netty-buffer-4.1.53.Final.jar;C:\Users\JR\.m2\repository\io\netty\netty-transport\4.1.53.Final\netty-transport-4.1.53.Final.jar;C:\Users\JR\.m2\repository\io\netty\netty-resolver\4.1.53.Final\netty-resolver-4.1.53.Final.jar;C:\Users\JR\.m2\repository\io\netty\netty-codec\4.1.53.Final\netty-codec-4.1.53.Final.jar;C:\Users\JR\.m2\repository\io\netty\netty-handler\4.1.53.Final\netty-handler-4.1.53.Final.jar;C:\Users\JR\.m2\repository\io\netty\netty-transport-native-unix-common\4.1.53.Final\netty-transport-native-unix-common-4.1.53.Final.jar;C:\Users\JR\.m2\repository\io\netty\netty-transport-native-kqueue\4.1.53.Final\netty-transport-native-kqueue-4.1.53.Final.jar;C:\Users\JR\.m2\repository\io\netty\netty-transport-native-epoll\4.1.53.Final\netty-transport-native-epoll-4.1.53.Final.jar;C:\Users\JR\.m2\repository\com\zaxxer\HikariCP\4.0.3\HikariCP-4.0.3.jar;C:\Users\JR\.m2\repository\org\slf4j\slf4j-api\2.0.0-alpha1\slf4j-api-2.0.0-alpha1.jar;C:\Users\JR\.m2\repository\org\slf4j\slf4j-simple\2.0.0-alpha1\slf4j-simple-2.0.0-alpha1.jar cn.edu.sustech.cs307.util.ProjectJudge
[main] INFO com.zaxxer.hikari.HikariDataSource - HikariPool-1 - Starting...
[main] INFO com.zaxxer.hikari.HikariDataSource - HikariPool-1 - Start completed.
Database is not empty! Trying to truncate all your tables.
Import departments
Import majors
Import users
Import semesters
Import courses
Import sections
Import classes
Import major courses
Import time usage: 0.75s
Test search course 1: 0
Test search course 1 time: 0.01s
Test enroll course 1: 1000
Test enroll course 1 time: 17.07s
Test drop enrolled course 1: 813
Test drop enrolled course 1 time: 0.15s
Import student courses
Import student courses time: 17.87s
Test drop course: 0
Test drop course time: 1092.16s
Test course table 2: 532
Test course table 2 time: 0.13s
Test search course 2: 0
Test search course 2 time: 0.00s
Test enroll course 2: 339
Test enroll course 2 time: 37.91s

Process finished with exit code 0